Content-Type: text/plain; charset="utf-8"
MIME-Version: 1.0
Content-Transfer-Encoding: 7bit
Subject: Password reset on 127.0.0.1:8000
From: webmaster@localhost
To: my552915@gmail.com
Date: Fri, 08 Sep 2023 21:12:38 -0000
Message-ID: <169420755839.27148.5069383332657888490@MmYousef>



Someone asked for password reset for email my552915@gmail.com. Follow the link below:
http://127.0.0.1:8000/accounts/reset/MQ/bu8gl2-e6f6ba38bf97d9445e1fea95d8a39659/
-------------------------------------------------------------------------------
Content-Type: text/plain; charset="utf-8"
MIME-Version: 1.0
Content-Transfer-Encoding: 7bit
Subject: Password reset on 127.0.0.1:8000
From: webmaster@localhost
To: my552915@gmail.com
Date: Fri, 08 Sep 2023 21:12:38 -0000
Message-ID: <169420755839.27148.1158640788581157171@MmYousef>



Someone asked for password reset for email my552915@gmail.com. Follow the link below:
http://127.0.0.1:8000/accounts/reset/Mg/bu8gl2-b19c467e31e3a3443ca98fe401956ca9/
-------------------------------------------------------------------------------
Content-Type: text/plain; charset="utf-8"
MIME-Version: 1.0
Content-Transfer-Encoding: 7bit
Subject: Password reset on 127.0.0.1:8000
From: webmaster@localhost
To: my552915@gmail.com
Date: Fri, 08 Sep 2023 21:12:38 -0000
Message-ID: <169420755839.27148.8073622600719503588@MmYousef>



Someone asked for password reset for email my552915@gmail.com. Follow the link below:
http://127.0.0.1:8000/accounts/reset/Mw/bu8gl2-7b9630d65bf799c9a625c014d76ac81e/
-------------------------------------------------------------------------------
Content-Type: text/plain; charset="utf-8"
MIME-Version: 1.0
Content-Transfer-Encoding: 7bit
Subject: Password reset on 127.0.0.1:8000
From: webmaster@localhost
To: my552915@gmail.com
Date: Fri, 08 Sep 2023 21:12:38 -0000
Message-ID: <169420755839.27148.12431183165874847903@MmYousef>



Someone asked for password reset for email my552915@gmail.com. Follow the link below:
http://127.0.0.1:8000/accounts/reset/NA/bu8gl2-6359b97c6a266f79b2ba39f28ee793ee/
-------------------------------------------------------------------------------
