Content-Type: text/plain; charset="utf-8"
MIME-Version: 1.0
Content-Transfer-Encoding: 7bit
Subject: Django - Registration/Login App Password Reset
From: webmaster@localhost
To: my552915@gmail.com
Date: Fri, 08 Sep 2023 21:20:49 -0000
Message-ID: <169420804934.15624.16040394430786788242@MmYousef>



Someone asked for password reset for email my552915@gmail.com. Follow the link below:
http://127.0.0.1:8000/accounts/reset/Mg/bu8gyp-b9b268bd70c9866930b7d9f16c891c96/
-------------------------------------------------------------------------------
Content-Type: text/plain; charset="utf-8"
MIME-Version: 1.0
Content-Transfer-Encoding: 7bit
Subject: Django - Registration/Login App Password Reset
From: webmaster@localhost
To: my552915@gmail.com
Date: Fri, 08 Sep 2023 21:20:49 -0000
Message-ID: <169420804934.15624.4870332216947953702@MmYousef>



Someone asked for password reset for email my552915@gmail.com. Follow the link below:
http://127.0.0.1:8000/accounts/reset/NA/bu8gyp-85e9d8aed9c8463105c2b95f3e55b278/
-------------------------------------------------------------------------------
