Content-Type: text/plain; charset="utf-8"
MIME-Version: 1.0
Content-Transfer-Encoding: 7bit
Subject: Password reset on 127.0.0.1:8000
From: webmaster@localhost
To: my552915@gmail.com
Date: Fri, 08 Sep 2023 21:02:57 -0000
Message-ID: <169420697702.6596.4688295361600404488@MmYousef>



Someone asked for password reset for email my552915@gmail.com. Follow the link below:
http://127.0.0.1:8000/accounts/reset/Mg/bu8g4x-4e49181d2cdb4f737dcceaf0c8af8f8b/
-------------------------------------------------------------------------------
Content-Type: text/plain; charset="utf-8"
MIME-Version: 1.0
Content-Transfer-Encoding: 7bit
Subject: Password reset on 127.0.0.1:8000
From: webmaster@localhost
To: my552915@gmail.com
Date: Fri, 08 Sep 2023 21:02:57 -0000
Message-ID: <169420697702.6596.3102141242741137646@MmYousef>



Someone asked for password reset for email my552915@gmail.com. Follow the link below:
http://127.0.0.1:8000/accounts/reset/Mw/bu8g4x-2cf3cf17e1d1f1981e75f5b68734977b/
-------------------------------------------------------------------------------
Content-Type: text/plain; charset="utf-8"
MIME-Version: 1.0
Content-Transfer-Encoding: 7bit
Subject: Password reset on 127.0.0.1:8000
From: webmaster@localhost
To: my552915@gmail.com
Date: Fri, 08 Sep 2023 21:02:57 -0000
Message-ID: <169420697703.6596.14874502956165699138@MmYousef>



Someone asked for password reset for email my552915@gmail.com. Follow the link below:
http://127.0.0.1:8000/accounts/reset/NA/bu8g4x-3bcf1be20afbad4970ce770f558c09ab/
-------------------------------------------------------------------------------
