Content-Type: text/plain; charset="utf-8"
MIME-Version: 1.0
Content-Transfer-Encoding: 7bit
Subject: Password reset on 127.0.0.1:8000
From: webmaster@localhost
To: my552915@gmail.com
Date: Fri, 08 Sep 2023 21:04:50 -0000
Message-ID: <169420709081.21232.14107178395174902396@MmYousef>



Someone asked for password reset for email my552915@gmail.com. Follow the link below:
http://127.0.0.1:8000/accounts/reset/Mg/bu8g82-d09f0fe99c014ac010b498a01fdbda68/
-------------------------------------------------------------------------------
Content-Type: text/plain; charset="utf-8"
MIME-Version: 1.0
Content-Transfer-Encoding: 7bit
Subject: Password reset on 127.0.0.1:8000
From: webmaster@localhost
To: my552915@gmail.com
Date: Fri, 08 Sep 2023 21:04:50 -0000
Message-ID: <169420709081.21232.13433779579180523028@MmYousef>



Someone asked for password reset for email my552915@gmail.com. Follow the link below:
http://127.0.0.1:8000/accounts/reset/Mw/bu8g82-5176946ba5a425b337ebfab3bf7e534b/
-------------------------------------------------------------------------------
Content-Type: text/plain; charset="utf-8"
MIME-Version: 1.0
Content-Transfer-Encoding: 7bit
Subject: Password reset on 127.0.0.1:8000
From: webmaster@localhost
To: my552915@gmail.com
Date: Fri, 08 Sep 2023 21:04:50 -0000
Message-ID: <169420709081.21232.5450587342213960077@MmYousef>



Someone asked for password reset for email my552915@gmail.com. Follow the link below:
http://127.0.0.1:8000/accounts/reset/NA/bu8g82-80364ddd33429e694680daba3766e8d2/
-------------------------------------------------------------------------------
