Content-Type: text/plain; charset="utf-8"
MIME-Version: 1.0
Content-Transfer-Encoding: 7bit
Subject: Django - Registration/Login App Password Reset
From: webmaster@localhost
To: my552915@gmail.com
Date: Fri, 08 Sep 2023 21:20:49 -0000
Message-ID: <169420804933.15624.4933146890129040654@MmYousef>



Someone asked for password reset for email my552915@gmail.com. Follow the link below:
http://127.0.0.1:8000/accounts/reset/MQ/bu8gyp-a721933fcfb4d9947e03b094862b6cdf/
-------------------------------------------------------------------------------
Content-Type: text/plain; charset="utf-8"
MIME-Version: 1.0
Content-Transfer-Encoding: 7bit
Subject: Django - Registration/Login App Password Reset
From: webmaster@localhost
To: my552915@gmail.com
Date: Fri, 08 Sep 2023 21:20:49 -0000
Message-ID: <169420804934.15624.6522539483160396951@MmYousef>



Someone asked for password reset for email my552915@gmail.com. Follow the link below:
http://127.0.0.1:8000/accounts/reset/Mw/bu8gyp-c53bcee2d3a2ae79984b0daf6e3c387d/
-------------------------------------------------------------------------------
